<?xml version="1.0" encoding="UTF-8"?>
<testng-results skipped="0" failed="1" ignored="0" total="1" passed="0">
  <reporter-output>
    <line>
      <![CDATA[Element is not visible ---Proxy element for: DefaultElementLocator 'By.xpath: //div[@class='success-container text-center']/div[@class='Test' and contains(.,'We will get back to you')]']]>
    </line>
    <line>
      <![CDATA[Photo is taken: ./screenshot/06_11_17.png]]>
    </line>
  </reporter-output>
  <suite name="Default suite" duration-ms="170564" started-at="2017-11-06T09:22:24Z" finished-at="2017-11-06T09:25:15Z">
    <groups>
    </groups>
    <test name="Default test" duration-ms="170564" started-at="2017-11-06T09:22:24Z" finished-at="2017-11-06T09:25:15Z">
      <class name="com.tys.tests.QueryTest">
        <test-method status="PASS" signature="setPath()[pri:0, instance:com.tys.tests.QueryTest@131276c2]" name="setPath" is-config="true" duration-ms="16" started-at="2017-11-06T14:52:24Z" finished-at="2017-11-06T14:52:24Z">
          <reporter-output>
          </reporter-output>
        </test-method> <!-- setPath -->
        <test-method status="PASS" signature="openApp()[pri:0, instance:com.tys.tests.QueryTest@131276c2]" name="openApp" is-config="true" duration-ms="35422" started-at="2017-11-06T14:52:24Z" finished-at="2017-11-06T14:52:59Z">
          <reporter-output>
          </reporter-output>
        </test-method> <!-- openApp -->
        <test-method status="FAIL" signature="queryTest()[pri:0, instance:com.tys.tests.QueryTest@131276c2]" name="queryTest" duration-ms="116800" started-at="2017-11-06T14:52:59Z" finished-at="2017-11-06T14:54:56Z">
          <exception class="java.lang.AssertionError">
            <message>
              <![CDATA[null]]>
            </message>
            <full-stacktrace>
              <![CDATA[java.lang.AssertionError: null
	at org.testng.Assert.fail(Assert.java:93)
	at org.testng.Assert.fail(Assert.java:100)
	at com.tys.generics.BasePage.verifyElementIsPresent(BasePage.java:40)
	at com.tys.pages.ContactUsPage.successMsgPresent(ContactUsPage.java:68)
	at com.tys.tests.QueryTest.queryTest(QueryTest.java:32)
	at sun.reflect.NativeMethodAccessorImpl.invoke0(Native Method)
	at sun.reflect.NativeMethodAccessorImpl.invoke(NativeMethodAccessorImpl.java:62)
	at sun.reflect.DelegatingMethodAccessorImpl.invoke(DelegatingMethodAccessorImpl.java:43)
	at java.lang.reflect.Method.invoke(Method.java:498)
	at org.testng.internal.MethodInvocationHelper.invokeMethod(MethodInvocationHelper.java:108)
	at org.testng.internal.Invoker.invokeMethod(Invoker.java:669)
	at org.testng.internal.Invoker.invokeTestMethod(Invoker.java:877)
	at org.testng.internal.Invoker.invokeTestMethods(Invoker.java:1201)
	at org.testng.internal.TestMethodWorker.invokeTestMethods(TestMethodWorker.java:125)
	at org.testng.internal.TestMethodWorker.run(TestMethodWorker.java:109)
	at org.testng.TestRunner.privateRun(TestRunner.java:776)
	at org.testng.TestRunner.run(TestRunner.java:634)
	at org.testng.SuiteRunner.runTest(SuiteRunner.java:425)
	at org.testng.SuiteRunner.runSequentially(SuiteRunner.java:420)
	at org.testng.SuiteRunner.privateRun(SuiteRunner.java:385)
	at org.testng.SuiteRunner.run(SuiteRunner.java:334)
	at org.testng.SuiteRunnerWorker.runSuite(SuiteRunnerWorker.java:52)
	at org.testng.SuiteRunnerWorker.run(SuiteRunnerWorker.java:86)
	at org.testng.TestNG.runSuitesSequentially(TestNG.java:1318)
	at org.testng.TestNG.runSuitesLocally(TestNG.java:1243)
	at org.testng.TestNG.runSuites(TestNG.java:1161)
	at org.testng.TestNG.run(TestNG.java:1129)
	at org.testng.remote.AbstractRemoteTestNG.run(AbstractRemoteTestNG.java:114)
	at org.testng.remote.RemoteTestNG.initAndRun(RemoteTestNG.java:251)
	at org.testng.remote.RemoteTestNG.main(RemoteTestNG.java:77)
]]>
            </full-stacktrace>
          </exception> <!-- java.lang.AssertionError -->
          <reporter-output>
            <line>
              <![CDATA[Element is not visible ---Proxy element for: DefaultElementLocator 'By.xpath: //div[@class='success-container text-center']/div[@class='Test' and contains(.,'We will get back to you')]']]>
            </line>
            <line>
              <![CDATA[Photo is taken: ./screenshot/06_11_17.png]]>
            </line>
          </reporter-output>
        </test-method> <!-- queryTest -->
        <test-method status="PASS" signature="closeApp()[pri:0, instance:com.tys.tests.QueryTest@131276c2]" name="closeApp" is-config="true" duration-ms="17241" started-at="2017-11-06T14:54:57Z" finished-at="2017-11-06T14:55:15Z">
          <reporter-output>
          </reporter-output>
        </test-method> <!-- closeApp -->
      </class> <!-- com.tys.tests.QueryTest -->
    </test> <!-- Default test -->
  </suite> <!-- Default suite -->
</testng-results>
